Analysis & Elaboration report for mips
Fri May 22 20:37:03 2020
Quartus Prime Version 18.1.0 Build 625 09/12/2018 SJ Lite Edition


---------------------
; Table of Contents ;
---------------------
  1. Legal Notice
  2. Analysis & Elaboration Summary
  3. Parallel Compilation
  4. Analysis & Elaboration Settings
  5. Port Connectivity Checks: "mips:mipsx|addpc:pcAdd"
  6. Analysis & Elaboration Messages
  7. Analysis & Elaboration Suppressed Messages



----------------
; Legal Notice ;
----------------
Copyright (C) 2018  Intel Corporation. All rights reserved.
Your use of Intel Corporation's design tools, logic functions 
and other software and tools, and its AMPP partner logic 
functions, and any output files from any of the foregoing 
(including device programming or simulation files), and any 
associated documentation or information are expressly subject 
to the terms and conditions of the Intel Program License 
Subscription Agreement, the Intel Quartus Prime License Agreement,
the Intel FPGA IP License Agreement, or other applicable license
agreement, including, without limitation, that your use is for
the sole purpose of programming logic devices manufactured by
Intel and sold by Intel or its authorized distributors.  Please
refer to the applicable agreement for further details.



+-----------------------------------------------------------------------------+
; Analysis & Elaboration Summary                                              ;
+-------------------------------+---------------------------------------------+
; Analysis & Elaboration Status ; Successful - Fri May 22 20:37:03 2020       ;
; Quartus Prime Version         ; 18.1.0 Build 625 09/12/2018 SJ Lite Edition ;
; Revision Name                 ; mips                                        ;
; Top-level Entity Name         ; mips_tb                                     ;
; Family                        ; Cyclone V                                   ;
; Logic utilization (in ALMs)   ; N/A until Partition Merge                   ;
; Total registers               ; N/A until Partition Merge                   ;
; Total pins                    ; N/A until Partition Merge                   ;
; Total virtual pins            ; N/A until Partition Merge                   ;
; Total block memory bits       ; N/A until Partition Merge                   ;
; Total PLLs                    ; N/A until Partition Merge                   ;
; Total DLLs                    ; N/A until Partition Merge                   ;
+-------------------------------+---------------------------------------------+


+------------------------------------------+
; Parallel Compilation                     ;
+----------------------------+-------------+
; Processors                 ; Number      ;
+----------------------------+-------------+
; Number detected on machine ; 4           ;
; Maximum allowed            ; 4           ;
;                            ;             ;
; Average used               ; 1.00        ;
; Maximum used               ; 1           ;
;                            ;             ;
; Usage by Processor         ; % Time Used ;
;     Processor 1            ; 100.0%      ;
+----------------------------+-------------+


+---------------------------------------------------------------------------------------------------------------------------+
; Analysis & Elaboration Settings                                                                                           ;
+---------------------------------------------------------------------------------+--------------------+--------------------+
; Option                                                                          ; Setting            ; Default Value      ;
+---------------------------------------------------------------------------------+--------------------+--------------------+
; Device                                                                          ; 5CGXFC7C7F23C8     ;                    ;
; Top-level entity name                                                           ; mips_tb            ; mips               ;
; Family name                                                                     ; Cyclone V          ; Cyclone V          ;
; Use smart compilation                                                           ; Off                ; Off                ;
; Enable parallel Assembler and Timing Analyzer during compilation                ; On                 ; On                 ;
; Enable compact report table                                                     ; Off                ; Off                ;
; Restructure Multiplexers                                                        ; Auto               ; Auto               ;
; MLAB Add Timing Constraints For Mixed-Port Feed-Through Mode Setting Don't Care ; Off                ; Off                ;
; Create Debugging Nodes for IP Cores                                             ; Off                ; Off                ;
; Preserve fewer node names                                                       ; On                 ; On                 ;
; Intel FPGA IP Evaluation Mode                                                   ; Enable             ; Enable             ;
; Verilog Version                                                                 ; Verilog_2001       ; Verilog_2001       ;
; VHDL Version                                                                    ; VHDL_1993          ; VHDL_1993          ;
; State Machine Processing                                                        ; Auto               ; Auto               ;
; Safe State Machine                                                              ; Off                ; Off                ;
; Extract Verilog State Machines                                                  ; On                 ; On                 ;
; Extract VHDL State Machines                                                     ; On                 ; On                 ;
; Ignore Verilog initial constructs                                               ; Off                ; Off                ;
; Iteration limit for constant Verilog loops                                      ; 5000               ; 5000               ;
; Iteration limit for non-constant Verilog loops                                  ; 250                ; 250                ;
; Add Pass-Through Logic to Inferred RAMs                                         ; On                 ; On                 ;
; Infer RAMs from Raw Logic                                                       ; On                 ; On                 ;
; Parallel Synthesis                                                              ; On                 ; On                 ;
; DSP Block Balancing                                                             ; Auto               ; Auto               ;
; NOT Gate Push-Back                                                              ; On                 ; On                 ;
; Power-Up Don't Care                                                             ; On                 ; On                 ;
; Remove Redundant Logic Cells                                                    ; Off                ; Off                ;
; Remove Duplicate Registers                                                      ; On                 ; On                 ;
; Ignore CARRY Buffers                                                            ; Off                ; Off                ;
; Ignore CASCADE Buffers                                                          ; Off                ; Off                ;
; Ignore GLOBAL Buffers                                                           ; Off                ; Off                ;
; Ignore ROW GLOBAL Buffers                                                       ; Off                ; Off                ;
; Ignore LCELL Buffers                                                            ; Off                ; Off                ;
; Ignore SOFT Buffers                                                             ; On                 ; On                 ;
; Limit AHDL Integers to 32 Bits                                                  ; Off                ; Off                ;
; Optimization Technique                                                          ; Balanced           ; Balanced           ;
; Carry Chain Length                                                              ; 70                 ; 70                 ;
; Auto Carry Chains                                                               ; On                 ; On                 ;
; Auto Open-Drain Pins                                                            ; On                 ; On                 ;
; Perform WYSIWYG Primitive Resynthesis                                           ; Off                ; Off                ;
; Auto ROM Replacement                                                            ; On                 ; On                 ;
; Auto RAM Replacement                                                            ; On                 ; On                 ;
; Auto DSP Block Replacement                                                      ; On                 ; On                 ;
; Auto Shift Register Replacement                                                 ; Auto               ; Auto               ;
; Allow Shift Register Merging across Hierarchies                                 ; Auto               ; Auto               ;
; Auto Clock Enable Replacement                                                   ; On                 ; On                 ;
; Strict RAM Replacement                                                          ; Off                ; Off                ;
; Allow Synchronous Control Signals                                               ; On                 ; On                 ;
; Force Use of Synchronous Clear Signals                                          ; Off                ; Off                ;
; Auto Resource Sharing                                                           ; Off                ; Off                ;
; Allow Any RAM Size For Recognition                                              ; Off                ; Off                ;
; Allow Any ROM Size For Recognition                                              ; Off                ; Off                ;
; Allow Any Shift Register Size For Recognition                                   ; Off                ; Off                ;
; Use LogicLock Constraints during Resource Balancing                             ; On                 ; On                 ;
; Ignore translate_off and synthesis_off directives                               ; Off                ; Off                ;
; Timing-Driven Synthesis                                                         ; On                 ; On                 ;
; Report Parameter Settings                                                       ; On                 ; On                 ;
; Report Source Assignments                                                       ; On                 ; On                 ;
; Report Connectivity Checks                                                      ; On                 ; On                 ;
; Ignore Maximum Fan-Out Assignments                                              ; Off                ; Off                ;
; Synchronization Register Chain Length                                           ; 3                  ; 3                  ;
; Power Optimization During Synthesis                                             ; Normal compilation ; Normal compilation ;
; HDL message level                                                               ; Level2             ; Level2             ;
; Suppress Register Optimization Related Messages                                 ; Off                ; Off                ;
; Number of Removed Registers Reported in Synthesis Report                        ; 5000               ; 5000               ;
; Number of Swept Nodes Reported in Synthesis Report                              ; 5000               ; 5000               ;
; Number of Inverted Registers Reported in Synthesis Report                       ; 100                ; 100                ;
; Clock MUX Protection                                                            ; On                 ; On                 ;
; Auto Gated Clock Conversion                                                     ; Off                ; Off                ;
; Block Design Naming                                                             ; Auto               ; Auto               ;
; SDC constraint protection                                                       ; Off                ; Off                ;
; Synthesis Effort                                                                ; Auto               ; Auto               ;
; Shift Register Replacement - Allow Asynchronous Clear Signal                    ; On                 ; On                 ;
; Pre-Mapping Resynthesis Optimization                                            ; Off                ; Off                ;
; Analysis & Synthesis Message Level                                              ; Medium             ; Medium             ;
; Disable Register Merging Across Hierarchies                                     ; Auto               ; Auto               ;
; Resource Aware Inference For Block RAM                                          ; On                 ; On                 ;
; Automatic Parallel Synthesis                                                    ; On                 ; On                 ;
; Partial Reconfiguration Bitstream ID                                            ; Off                ; Off                ;
+---------------------------------------------------------------------------------+--------------------+--------------------+


+----------------------------------------------------+
; Port Connectivity Checks: "mips:mipsx|addpc:pcAdd" ;
+------------+-------+----------+--------------------+
; Port       ; Type  ; Severity ; Details            ;
+------------+-------+----------+--------------------+
; in2[31..3] ; Input ; Info     ; Stuck at GND       ;
; in2[1..0]  ; Input ; Info     ; Stuck at GND       ;
; in2[2]     ; Input ; Info     ; Stuck at VCC       ;
+------------+-------+----------+--------------------+


+---------------------------------+
; Analysis & Elaboration Messages ;
+---------------------------------+
Info: *******************************************************************
Info: Running Quartus Prime Analysis & Elaboration
    Info: Version 18.1.0 Build 625 09/12/2018 SJ Lite Edition
    Info: Processing started: Fri May 22 20:36:49 2020
Info: Command: quartus_map --read_settings_files=on --write_settings_files=off mips -c mips --analysis_and_elaboration
Warning (18236): Number of processors has not been specified which may cause overloading on shared machines.  Set the global assignment NUM_PARALLEL_PROCESSORS in your QSF to an appropriate value for best performance.
Info (20030): Parallel compilation is enabled and will use 4 of the 4 processors detected
Info (12021): Found 1 design units, including 1 entities, in source file alu.v
    Info (12023): Found entity 1: alu File: C:/Users/kwat/Documents/MEGA/uni/s_arq/MIPS-teams/verilog/QuartusMips_2/alu.v Line: 1
Info (12021): Found 1 design units, including 1 entities, in source file adder.v
    Info (12023): Found entity 1: Adder File: C:/Users/kwat/Documents/MEGA/uni/s_arq/MIPS-teams/verilog/QuartusMips_2/Adder.v Line: 1
Info (12021): Found 1 design units, including 1 entities, in source file bancoregistros.v
    Info (12023): Found entity 1: BancoRegistros File: C:/Users/kwat/Documents/MEGA/uni/s_arq/MIPS-teams/verilog/QuartusMips_2/BancoRegistros.v Line: 1
Info (12021): Found 1 design units, including 1 entities, in source file branch.v
    Info (12023): Found entity 1: branch File: C:/Users/kwat/Documents/MEGA/uni/s_arq/MIPS-teams/verilog/QuartusMips_2/Branch.v Line: 1
Info (12021): Found 1 design units, including 1 entities, in source file buffer1.v
    Info (12023): Found entity 1: buffer1 File: C:/Users/kwat/Documents/MEGA/uni/s_arq/MIPS-teams/verilog/QuartusMips_2/buffer1.v Line: 1
Info (12021): Found 1 design units, including 1 entities, in source file buffer2.v
    Info (12023): Found entity 1: buffer2 File: C:/Users/kwat/Documents/MEGA/uni/s_arq/MIPS-teams/verilog/QuartusMips_2/buffer2.v Line: 1
Info (12021): Found 1 design units, including 1 entities, in source file buffer3.v
    Info (12023): Found entity 1: buffer3 File: C:/Users/kwat/Documents/MEGA/uni/s_arq/MIPS-teams/verilog/QuartusMips_2/buffer3.v Line: 1
Info (12021): Found 1 design units, including 1 entities, in source file buffer4.v
    Info (12023): Found entity 1: buffer4 File: C:/Users/kwat/Documents/MEGA/uni/s_arq/MIPS-teams/verilog/QuartusMips_2/buffer4.v Line: 1
Info (12021): Found 1 design units, including 1 entities, in source file controlalu.v
    Info (12023): Found entity 1: controlAlu File: C:/Users/kwat/Documents/MEGA/uni/s_arq/MIPS-teams/verilog/QuartusMips_2/controlAlu.v Line: 1
Info (12021): Found 1 design units, including 1 entities, in source file instrucmemory.v
    Info (12023): Found entity 1: instrucmemory File: C:/Users/kwat/Documents/MEGA/uni/s_arq/MIPS-teams/verilog/QuartusMips_2/instrucmemory.v Line: 2
Info (12021): Found 1 design units, including 1 entities, in source file mips.v
    Info (12023): Found entity 1: mips File: C:/Users/kwat/Documents/MEGA/uni/s_arq/MIPS-teams/verilog/QuartusMips_2/mips.v Line: 1
Info (12021): Found 1 design units, including 1 entities, in source file mips_tb.v
    Info (12023): Found entity 1: mips_tb File: C:/Users/kwat/Documents/MEGA/uni/s_arq/MIPS-teams/verilog/QuartusMips_2/mips_tb.v Line: 2
Info (12021): Found 1 design units, including 1 entities, in source file mux1.v
    Info (12023): Found entity 1: Mux1 File: C:/Users/kwat/Documents/MEGA/uni/s_arq/MIPS-teams/verilog/QuartusMips_2/Mux1.v Line: 1
Info (12021): Found 1 design units, including 1 entities, in source file mux2.v
    Info (12023): Found entity 1: Mux2 File: C:/Users/kwat/Documents/MEGA/uni/s_arq/MIPS-teams/verilog/QuartusMips_2/Mux2.v Line: 1
Info (12021): Found 1 design units, including 1 entities, in source file mux3.v
    Info (12023): Found entity 1: Mux3 File: C:/Users/kwat/Documents/MEGA/uni/s_arq/MIPS-teams/verilog/QuartusMips_2/Mux3.v Line: 1
Info (12021): Found 1 design units, including 1 entities, in source file mux4.v
    Info (12023): Found entity 1: Mux4 File: C:/Users/kwat/Documents/MEGA/uni/s_arq/MIPS-teams/verilog/QuartusMips_2/Mux4.v Line: 1
Info (12021): Found 1 design units, including 1 entities, in source file pc.v
    Info (12023): Found entity 1: pc File: C:/Users/kwat/Documents/MEGA/uni/s_arq/MIPS-teams/verilog/QuartusMips_2/pc.v Line: 1
Info (12021): Found 1 design units, including 1 entities, in source file shift_left.v
    Info (12023): Found entity 1: Shift_left File: C:/Users/kwat/Documents/MEGA/uni/s_arq/MIPS-teams/verilog/QuartusMips_2/Shift_left.v Line: 1
Info (12021): Found 1 design units, including 1 entities, in source file sing_ext.v
    Info (12023): Found entity 1: Sing_ext File: C:/Users/kwat/Documents/MEGA/uni/s_arq/MIPS-teams/verilog/QuartusMips_2/Sing_ext.v Line: 1
Info (12021): Found 1 design units, including 1 entities, in source file unidadcontrol.v
    Info (12023): Found entity 1: UnidadControl File: C:/Users/kwat/Documents/MEGA/uni/s_arq/MIPS-teams/verilog/QuartusMips_2/UnidadControl.v Line: 1
Info (12021): Found 1 design units, including 1 entities, in source file memoriadato.v
    Info (12023): Found entity 1: MemoriaDato File: C:/Users/kwat/Documents/MEGA/uni/s_arq/MIPS-teams/verilog/QuartusMips_2/MemoriaDato.v Line: 1
Info (12021): Found 1 design units, including 1 entities, in source file shift_left_j.v
    Info (12023): Found entity 1: Shift_left_J File: C:/Users/kwat/Documents/MEGA/uni/s_arq/MIPS-teams/verilog/QuartusMips_2/Shift_left_J.v Line: 1
Info (12021): Found 1 design units, including 1 entities, in source file sing_ext_j.v
    Info (12023): Found entity 1: Sing_ext_J File: C:/Users/kwat/Documents/MEGA/uni/s_arq/MIPS-teams/verilog/QuartusMips_2/Sing_ext_J.v Line: 1
Info (12021): Found 1 design units, including 1 entities, in source file mux_j.v
    Info (12023): Found entity 1: Mux_J File: C:/Users/kwat/Documents/MEGA/uni/s_arq/MIPS-teams/verilog/QuartusMips_2/Mux_J.v Line: 1
Info (12127): Elaborating entity "mips_tb" for the top level hierarchy
Warning (10755): Verilog HDL warning at mips_tb.v(8): assignments to clk create a combinational loop File: C:/Users/kwat/Documents/MEGA/uni/s_arq/MIPS-teams/verilog/QuartusMips_2/mips_tb.v Line: 8
Warning (10175): Verilog HDL warning at mips_tb.v(15): ignoring unsupported system task File: C:/Users/kwat/Documents/MEGA/uni/s_arq/MIPS-teams/verilog/QuartusMips_2/mips_tb.v Line: 15
Warning (10175): Verilog HDL warning at mips_tb.v(19): ignoring unsupported system task File: C:/Users/kwat/Documents/MEGA/uni/s_arq/MIPS-teams/verilog/QuartusMips_2/mips_tb.v Line: 19
Info (12128): Elaborating entity "mips" for hierarchy "mips:mipsx" File: C:/Users/kwat/Documents/MEGA/uni/s_arq/MIPS-teams/verilog/QuartusMips_2/mips_tb.v Line: 6
Info (12128): Elaborating entity "Mux1" for hierarchy "mips:mipsx|Mux1:Muxa" File: C:/Users/kwat/Documents/MEGA/uni/s_arq/MIPS-teams/verilog/QuartusMips_2/mips.v Line: 22
Info (12128): Elaborating entity "Mux_J" for hierarchy "mips:mipsx|Mux_J:muxJ" File: C:/Users/kwat/Documents/MEGA/uni/s_arq/MIPS-teams/verilog/QuartusMips_2/mips.v Line: 35
Warning (12125): Using design file addpc.v, which is not specified as a design file for the current project, but contains definitions for 1 design units and 1 entities in project
    Info (12023): Found entity 1: addpc File: C:/Users/kwat/Documents/MEGA/uni/s_arq/MIPS-teams/verilog/QuartusMips_2/addpc.v Line: 1
Info (12128): Elaborating entity "addpc" for hierarchy "mips:mipsx|addpc:pcAdd" File: C:/Users/kwat/Documents/MEGA/uni/s_arq/MIPS-teams/verilog/QuartusMips_2/mips.v Line: 46
Info (12128): Elaborating entity "pc" for hierarchy "mips:mipsx|pc:pcounter" File: C:/Users/kwat/Documents/MEGA/uni/s_arq/MIPS-teams/verilog/QuartusMips_2/mips.v Line: 54
Info (12128): Elaborating entity "instrucmemory" for hierarchy "mips:mipsx|instrucmemory:instrucmemory1" File: C:/Users/kwat/Documents/MEGA/uni/s_arq/MIPS-teams/verilog/QuartusMips_2/mips.v Line: 67
Warning (10850): Verilog HDL warning at instrucmemory.v(11): number of words (502) in memory file does not match the number of elements in the address range [0:1023] File: C:/Users/kwat/Documents/MEGA/uni/s_arq/MIPS-teams/verilog/QuartusMips_2/instrucmemory.v Line: 11
Warning (10855): Verilog HDL warning at instrucmemory.v(10): initial value for variable mem should be constant File: C:/Users/kwat/Documents/MEGA/uni/s_arq/MIPS-teams/verilog/QuartusMips_2/instrucmemory.v Line: 10
Warning (10030): Net "mem" at instrucmemory.v(8) has no driver or initial value, using a default initial value '0' File: C:/Users/kwat/Documents/MEGA/uni/s_arq/MIPS-teams/verilog/QuartusMips_2/instrucmemory.v Line: 8
Info (12128): Elaborating entity "buffer1" for hierarchy "mips:mipsx|buffer1:bufferA" File: C:/Users/kwat/Documents/MEGA/uni/s_arq/MIPS-teams/verilog/QuartusMips_2/mips.v Line: 81
Info (12128): Elaborating entity "BancoRegistros" for hierarchy "mips:mipsx|BancoRegistros:Br" File: C:/Users/kwat/Documents/MEGA/uni/s_arq/MIPS-teams/verilog/QuartusMips_2/mips.v Line: 118
Info (12128): Elaborating entity "UnidadControl" for hierarchy "mips:mipsx|UnidadControl:control" File: C:/Users/kwat/Documents/MEGA/uni/s_arq/MIPS-teams/verilog/QuartusMips_2/mips.v Line: 145
Info (12128): Elaborating entity "Shift_left_J" for hierarchy "mips:mipsx|Shift_left_J:Shift2" File: C:/Users/kwat/Documents/MEGA/uni/s_arq/MIPS-teams/verilog/QuartusMips_2/mips.v Line: 152
Info (12128): Elaborating entity "Sing_ext_J" for hierarchy "mips:mipsx|Sing_ext_J:Sing2" File: C:/Users/kwat/Documents/MEGA/uni/s_arq/MIPS-teams/verilog/QuartusMips_2/mips.v Line: 161
Info (12128): Elaborating entity "Sing_ext" for hierarchy "mips:mipsx|Sing_ext:sing_ext1" File: C:/Users/kwat/Documents/MEGA/uni/s_arq/MIPS-teams/verilog/QuartusMips_2/mips.v Line: 171
Info (12128): Elaborating entity "buffer2" for hierarchy "mips:mipsx|buffer2:bufferb" File: C:/Users/kwat/Documents/MEGA/uni/s_arq/MIPS-teams/verilog/QuartusMips_2/mips.v Line: 233
Info (12128): Elaborating entity "Shift_left" for hierarchy "mips:mipsx|Shift_left:sleft" File: C:/Users/kwat/Documents/MEGA/uni/s_arq/MIPS-teams/verilog/QuartusMips_2/mips.v Line: 240
Info (12128): Elaborating entity "Mux2" for hierarchy "mips:mipsx|Mux2:Muxb" File: C:/Users/kwat/Documents/MEGA/uni/s_arq/MIPS-teams/verilog/QuartusMips_2/mips.v Line: 251
Info (12128): Elaborating entity "Mux3" for hierarchy "mips:mipsx|Mux3:Muxc" File: C:/Users/kwat/Documents/MEGA/uni/s_arq/MIPS-teams/verilog/QuartusMips_2/mips.v Line: 262
Info (12128): Elaborating entity "controlAlu" for hierarchy "mips:mipsx|controlAlu:controlalu1" File: C:/Users/kwat/Documents/MEGA/uni/s_arq/MIPS-teams/verilog/QuartusMips_2/mips.v Line: 272
Warning (10240): Verilog HDL Always Construct warning at controlAlu.v(7): inferring latch(es) for variable "salida", which holds its previous value in one or more paths through the always construct File: C:/Users/kwat/Documents/MEGA/uni/s_arq/MIPS-teams/verilog/QuartusMips_2/controlAlu.v Line: 7
Info (10041): Inferred latch for "salida[0]" at controlAlu.v(47) File: C:/Users/kwat/Documents/MEGA/uni/s_arq/MIPS-teams/verilog/QuartusMips_2/controlAlu.v Line: 47
Info (10041): Inferred latch for "salida[1]" at controlAlu.v(47) File: C:/Users/kwat/Documents/MEGA/uni/s_arq/MIPS-teams/verilog/QuartusMips_2/controlAlu.v Line: 47
Info (10041): Inferred latch for "salida[2]" at controlAlu.v(47) File: C:/Users/kwat/Documents/MEGA/uni/s_arq/MIPS-teams/verilog/QuartusMips_2/controlAlu.v Line: 47
Info (10041): Inferred latch for "salida[3]" at controlAlu.v(47) File: C:/Users/kwat/Documents/MEGA/uni/s_arq/MIPS-teams/verilog/QuartusMips_2/controlAlu.v Line: 47
Info (12128): Elaborating entity "alu" for hierarchy "mips:mipsx|alu:alu1" File: C:/Users/kwat/Documents/MEGA/uni/s_arq/MIPS-teams/verilog/QuartusMips_2/mips.v Line: 286
Info (12128): Elaborating entity "Adder" for hierarchy "mips:mipsx|Adder:leadder" File: C:/Users/kwat/Documents/MEGA/uni/s_arq/MIPS-teams/verilog/QuartusMips_2/mips.v Line: 297
Info (12128): Elaborating entity "buffer3" for hierarchy "mips:mipsx|buffer3:bufferc" File: C:/Users/kwat/Documents/MEGA/uni/s_arq/MIPS-teams/verilog/QuartusMips_2/mips.v Line: 342
Info (12128): Elaborating entity "branch" for hierarchy "mips:mipsx|branch:branch1" File: C:/Users/kwat/Documents/MEGA/uni/s_arq/MIPS-teams/verilog/QuartusMips_2/mips.v Line: 351
Info (12128): Elaborating entity "MemoriaDato" for hierarchy "mips:mipsx|MemoriaDato:MemDato" File: C:/Users/kwat/Documents/MEGA/uni/s_arq/MIPS-teams/verilog/QuartusMips_2/mips.v Line: 364
Warning (10240): Verilog HDL Always Construct warning at MemoriaDato.v(21): inferring latch(es) for variable "MemRes", which holds its previous value in one or more paths through the always construct File: C:/Users/kwat/Documents/MEGA/uni/s_arq/MIPS-teams/verilog/QuartusMips_2/MemoriaDato.v Line: 21
Info (10041): Inferred latch for "MemRes[0]" at MemoriaDato.v(21) File: C:/Users/kwat/Documents/MEGA/uni/s_arq/MIPS-teams/verilog/QuartusMips_2/MemoriaDato.v Line: 21
Info (10041): Inferred latch for "MemRes[1]" at MemoriaDato.v(21) File: C:/Users/kwat/Documents/MEGA/uni/s_arq/MIPS-teams/verilog/QuartusMips_2/MemoriaDato.v Line: 21
Info (10041): Inferred latch for "MemRes[2]" at MemoriaDato.v(21) File: C:/Users/kwat/Documents/MEGA/uni/s_arq/MIPS-teams/verilog/QuartusMips_2/MemoriaDato.v Line: 21
Info (10041): Inferred latch for "MemRes[3]" at MemoriaDato.v(21) File: C:/Users/kwat/Documents/MEGA/uni/s_arq/MIPS-teams/verilog/QuartusMips_2/MemoriaDato.v Line: 21
Info (10041): Inferred latch for "MemRes[4]" at MemoriaDato.v(21) File: C:/Users/kwat/Documents/MEGA/uni/s_arq/MIPS-teams/verilog/QuartusMips_2/MemoriaDato.v Line: 21
Info (10041): Inferred latch for "MemRes[5]" at MemoriaDato.v(21) File: C:/Users/kwat/Documents/MEGA/uni/s_arq/MIPS-teams/verilog/QuartusMips_2/MemoriaDato.v Line: 21
Info (10041): Inferred latch for "MemRes[6]" at MemoriaDato.v(21) File: C:/Users/kwat/Documents/MEGA/uni/s_arq/MIPS-teams/verilog/QuartusMips_2/MemoriaDato.v Line: 21
Info (10041): Inferred latch for "MemRes[7]" at MemoriaDato.v(21) File: C:/Users/kwat/Documents/MEGA/uni/s_arq/MIPS-teams/verilog/QuartusMips_2/MemoriaDato.v Line: 21
Info (10041): Inferred latch for "MemRes[8]" at MemoriaDato.v(21) File: C:/Users/kwat/Documents/MEGA/uni/s_arq/MIPS-teams/verilog/QuartusMips_2/MemoriaDato.v Line: 21
Info (10041): Inferred latch for "MemRes[9]" at MemoriaDato.v(21) File: C:/Users/kwat/Documents/MEGA/uni/s_arq/MIPS-teams/verilog/QuartusMips_2/MemoriaDato.v Line: 21
Info (10041): Inferred latch for "MemRes[10]" at MemoriaDato.v(21) File: C:/Users/kwat/Documents/MEGA/uni/s_arq/MIPS-teams/verilog/QuartusMips_2/MemoriaDato.v Line: 21
Info (10041): Inferred latch for "MemRes[11]" at MemoriaDato.v(21) File: C:/Users/kwat/Documents/MEGA/uni/s_arq/MIPS-teams/verilog/QuartusMips_2/MemoriaDato.v Line: 21
Info (10041): Inferred latch for "MemRes[12]" at MemoriaDato.v(21) File: C:/Users/kwat/Documents/MEGA/uni/s_arq/MIPS-teams/verilog/QuartusMips_2/MemoriaDato.v Line: 21
Info (10041): Inferred latch for "MemRes[13]" at MemoriaDato.v(21) File: C:/Users/kwat/Documents/MEGA/uni/s_arq/MIPS-teams/verilog/QuartusMips_2/MemoriaDato.v Line: 21
Info (10041): Inferred latch for "MemRes[14]" at MemoriaDato.v(21) File: C:/Users/kwat/Documents/MEGA/uni/s_arq/MIPS-teams/verilog/QuartusMips_2/MemoriaDato.v Line: 21
Info (10041): Inferred latch for "MemRes[15]" at MemoriaDato.v(21) File: C:/Users/kwat/Documents/MEGA/uni/s_arq/MIPS-teams/verilog/QuartusMips_2/MemoriaDato.v Line: 21
Info (10041): Inferred latch for "MemRes[16]" at MemoriaDato.v(21) File: C:/Users/kwat/Documents/MEGA/uni/s_arq/MIPS-teams/verilog/QuartusMips_2/MemoriaDato.v Line: 21
Info (10041): Inferred latch for "MemRes[17]" at MemoriaDato.v(21) File: C:/Users/kwat/Documents/MEGA/uni/s_arq/MIPS-teams/verilog/QuartusMips_2/MemoriaDato.v Line: 21
Info (10041): Inferred latch for "MemRes[18]" at MemoriaDato.v(21) File: C:/Users/kwat/Documents/MEGA/uni/s_arq/MIPS-teams/verilog/QuartusMips_2/MemoriaDato.v Line: 21
Info (10041): Inferred latch for "MemRes[19]" at MemoriaDato.v(21) File: C:/Users/kwat/Documents/MEGA/uni/s_arq/MIPS-teams/verilog/QuartusMips_2/MemoriaDato.v Line: 21
Info (10041): Inferred latch for "MemRes[20]" at MemoriaDato.v(21) File: C:/Users/kwat/Documents/MEGA/uni/s_arq/MIPS-teams/verilog/QuartusMips_2/MemoriaDato.v Line: 21
Info (10041): Inferred latch for "MemRes[21]" at MemoriaDato.v(21) File: C:/Users/kwat/Documents/MEGA/uni/s_arq/MIPS-teams/verilog/QuartusMips_2/MemoriaDato.v Line: 21
Info (10041): Inferred latch for "MemRes[22]" at MemoriaDato.v(21) File: C:/Users/kwat/Documents/MEGA/uni/s_arq/MIPS-teams/verilog/QuartusMips_2/MemoriaDato.v Line: 21
Info (10041): Inferred latch for "MemRes[23]" at MemoriaDato.v(21) File: C:/Users/kwat/Documents/MEGA/uni/s_arq/MIPS-teams/verilog/QuartusMips_2/MemoriaDato.v Line: 21
Info (10041): Inferred latch for "MemRes[24]" at MemoriaDato.v(21) File: C:/Users/kwat/Documents/MEGA/uni/s_arq/MIPS-teams/verilog/QuartusMips_2/MemoriaDato.v Line: 21
Info (10041): Inferred latch for "MemRes[25]" at MemoriaDato.v(21) File: C:/Users/kwat/Documents/MEGA/uni/s_arq/MIPS-teams/verilog/QuartusMips_2/MemoriaDato.v Line: 21
Info (10041): Inferred latch for "MemRes[26]" at MemoriaDato.v(21) File: C:/Users/kwat/Documents/MEGA/uni/s_arq/MIPS-teams/verilog/QuartusMips_2/MemoriaDato.v Line: 21
Info (10041): Inferred latch for "MemRes[27]" at MemoriaDato.v(21) File: C:/Users/kwat/Documents/MEGA/uni/s_arq/MIPS-teams/verilog/QuartusMips_2/MemoriaDato.v Line: 21
Info (10041): Inferred latch for "MemRes[28]" at MemoriaDato.v(21) File: C:/Users/kwat/Documents/MEGA/uni/s_arq/MIPS-teams/verilog/QuartusMips_2/MemoriaDato.v Line: 21
Info (10041): Inferred latch for "MemRes[29]" at MemoriaDato.v(21) File: C:/Users/kwat/Documents/MEGA/uni/s_arq/MIPS-teams/verilog/QuartusMips_2/MemoriaDato.v Line: 21
Info (10041): Inferred latch for "MemRes[30]" at MemoriaDato.v(21) File: C:/Users/kwat/Documents/MEGA/uni/s_arq/MIPS-teams/verilog/QuartusMips_2/MemoriaDato.v Line: 21
Info (10041): Inferred latch for "MemRes[31]" at MemoriaDato.v(21) File: C:/Users/kwat/Documents/MEGA/uni/s_arq/MIPS-teams/verilog/QuartusMips_2/MemoriaDato.v Line: 21
Info (12128): Elaborating entity "buffer4" for hierarchy "mips:mipsx|buffer4:bufferd" File: C:/Users/kwat/Documents/MEGA/uni/s_arq/MIPS-teams/verilog/QuartusMips_2/mips.v Line: 386
Info (12128): Elaborating entity "Mux4" for hierarchy "mips:mipsx|Mux4:Mux_4" File: C:/Users/kwat/Documents/MEGA/uni/s_arq/MIPS-teams/verilog/QuartusMips_2/mips.v Line: 395
Info (144001): Generated suppressed messages file C:/Users/kwat/Documents/MEGA/uni/s_arq/MIPS-teams/verilog/QuartusMips_2/mips.map.smsg
Info: Quartus Prime Analysis & Elaboration was successful. 0 errors, 10 warnings
    Info: Peak virtual memory: 4778 megabytes
    Info: Processing ended: Fri May 22 20:37:03 2020
    Info: Elapsed time: 00:00:14
    Info: Total CPU time (on all processors): 00:00:25


+--------------------------------------------+
; Analysis & Elaboration Suppressed Messages ;
+--------------------------------------------+
The suppressed messages can be found in C:/Users/kwat/Documents/MEGA/uni/s_arq/MIPS-teams/verilog/QuartusMips_2/mips.map.smsg.


